Using pre-set license
Built from '2021.1/staging' branch; Version is '2021.1.12f1 (afcadd793de6) revision 11520733'; Using compiler version '192528614'; Build Type 'Release'
OS: 'Windows 10 Home; OS build 19042.1110; Version 2009; 64bit' Language: 'ca' Physical Memory: 16309 MB
BatchMode: 1, IsHumanControllingUs: 0, StartBugReporterOnCrash: 0, Is64bit: 1, IsPro: 0

 COMMAND LINE ARGUMENTS:
D:\Carpeta unity 3d\2021.1.12f1\Editor\Unity.exe
-adb2
-batchMode
-noUpm
-name
AssetImportWorker0
-projectPath
D:/Carpeta unity 3d/Curso-unity-2021-2D-bueno/Porkemon
-logFile
Logs/AssetImportWorker0.log
-srvPort
54555
Successfully changed project path to: D:/Carpeta unity 3d/Curso-unity-2021-2D-bueno/Porkemon
D:/Carpeta unity 3d/Curso-unity-2021-2D-bueno/Porkemon
Using Asset Import Pipeline V2.
Refreshing native plugins compatible for Editor in 117.10 ms, found 4 plugins.
Preloading 0 native plugins for Editor in 0.00 ms.
Initialize engine version: 2021.1.12f1 (afcadd793de6)
[Subsystems] Discovering subsystems at path D:/Carpeta unity 3d/2021.1.12f1/Editor/Data/Resources/UnitySubsystems
[Subsystems] Discovering subsystems at path D:/Carpeta unity 3d/Curso-unity-2021-2D-bueno/Porkemon/Assets
GfxDevice: creating device client; threaded=0; jobified=0
Direct3D:
    Version:  Direct3D 11.0 [level 11.1]
    Renderer: NVIDIA GeForce RTX 2060 (ID=0x1f08)
    Vendor:   NVIDIA
    VRAM:     5980 MB
    Driver:   27.21.14.5751
Initialize mono
Mono path[0] = 'D:/Carpeta unity 3d/2021.1.12f1/Editor/Data/Managed'
Mono path[1] = 'D:/Carpeta unity 3d/2021.1.12f1/Editor/Data/MonoBleedingEdge/lib/mono/unityjit'
Mono config path = 'D:/Carpeta unity 3d/2021.1.12f1/Editor/Data/MonoBleedingEdge/etc'
Using monoOptions --debugger-agent=transport=dt_socket,embedding=1,server=y,suspend=n,address=127.0.0.1:56236
Begin MonoManager ReloadAssembly
Registering precompiled unity dll's ...
Register platform support module: D:/Carpeta unity 3d/2021.1.12f1/Editor/Data/PlaybackEngines/WindowsStandaloneSupport/UnityEditor.WindowsStandalone.Extensions.dll
Registered in 0.001111 seconds.
Native extension for WindowsStandalone target not found
Refreshing native plugins compatible for Editor in 121.61 ms, found 4 plugins.
Preloading 0 native plugins for Editor in 0.00 ms.
Mono: successfully reloaded assembly
- Completed reload, in  1.124 seconds
Domain Reload Profiling:
	ReloadAssembly (1124ms)
		BeginReloadAssembly (52ms)
			ExecutionOrderSort (0ms)
			DisableScriptedObjects (0ms)
			BackupInstance (0ms)
			ReleaseScriptingObjects (0ms)
			CreateAndSetChildDomain (1ms)
		EndReloadAssembly (475ms)
			LoadAssemblies (51ms)
			RebuildTransferFunctionScriptingTraits (0ms)
			SetupTypeCache (155ms)
			ReleaseScriptCaches (0ms)
			RebuildScriptCaches (38ms)
			SetupLoadedEditorAssemblies (243ms)
				LogAssemblyErrors (0ms)
				InitializePlatformSupportModulesInManaged (5ms)
				SetLoadedEditorAssemblies (0ms)
				RefreshPlugins (122ms)
				BeforeProcessingInitializeOnLoad (1ms)
				ProcessInitializeOnLoadAttributes (88ms)
				ProcessInitializeOnLoadMethodAttributes (26ms)
				AfterProcessingInitializeOnLoad (0ms)
				EditorAssembliesLoaded (0ms)
			ExecutionOrderSort2 (0ms)
			AwakeInstancesAfterBackupRestoration (0ms)
Platform modules already initialized, skipping
Registering precompiled user dll's ...
Registered in 0.006392 seconds.
Begin MonoManager ReloadAssembly
Symbol file LoadedFromMemory doesn't match image D:\Carpeta unity 3d\Curso-unity-2021-2D-bueno\Porkemon\Library\PackageCache\com.unity.visualscripting@1.6.1\Editor\VisualScripting.Core\Dependencies\YamlDotNet\Unity.VisualScripting.YamlDotNet.dll
Symbol file LoadedFromMemory doesn't match image D:\Carpeta unity 3d\Curso-unity-2021-2D-bueno\Porkemon\Library\PackageCache\com.unity.visualscripting@1.6.1\Editor\VisualScripting.Core\Dependencies\DotNetZip\Unity.VisualScripting.IonicZip.dll
Native extension for WindowsStandalone target not found
Refreshing native plugins compatible for Editor in 118.91 ms, found 4 plugins.
Preloading 0 native plugins for Editor in 0.00 ms.
Mono: successfully reloaded assembly
- Completed reload, in  1.261 seconds
Domain Reload Profiling:
	ReloadAssembly (1261ms)
		BeginReloadAssembly (142ms)
			ExecutionOrderSort (0ms)
			DisableScriptedObjects (4ms)
			BackupInstance (0ms)
			ReleaseScriptingObjects (0ms)
			CreateAndSetChildDomain (18ms)
		EndReloadAssembly (1070ms)
			LoadAssemblies (90ms)
			RebuildTransferFunctionScriptingTraits (0ms)
			SetupTypeCache (359ms)
			ReleaseScriptCaches (1ms)
			RebuildScriptCaches (67ms)
			SetupLoadedEditorAssemblies (451ms)
				LogAssemblyErrors (0ms)
				InitializePlatformSupportModulesInManaged (3ms)
				SetLoadedEditorAssemblies (0ms)
				RefreshPlugins (119ms)
				BeforeProcessingInitializeOnLoad (74ms)
				ProcessInitializeOnLoadAttributes (227ms)
				ProcessInitializeOnLoadMethodAttributes (24ms)
				AfterProcessingInitializeOnLoad (2ms)
				EditorAssembliesLoaded (0ms)
			ExecutionOrderSort2 (0ms)
			AwakeInstancesAfterBackupRestoration (11ms)
Platform modules already initialized, skipping
========================================================================
Worker process is ready to serve import requests
Launched and connected shader compiler UnityShaderCompiler.exe after 0.05 seconds
Refreshing native plugins compatible for Editor in 1.48 ms, found 4 plugins.
Preloading 0 native plugins for Editor in 0.00 ms.
Unloading 3692 Unused Serialized files (Serialized files now loaded: 0)
System memory in use before: 137.4 MB.
System memory in use after: 137.5 MB.

Unloading 39 unused Assets to reduce memory usage. Loaded Objects now: 4140.
Total: 2.814100 ms (FindLiveObjects: 0.351900 ms CreateObjectMapping: 0.228400 ms MarkObjects: 2.103200 ms  DeleteObjects: 0.129400 ms)

AssetImportParameters requested are different than current active one (requested -> active):
  custom:framework-win-MediaFoundation: 216162199b28c13a410421893ffa2e32 -> 
  custom:video-decoder-ogg-theora: a1e56fd34408186e4bbccfd4996cb3dc -> 
  custom:container-muxer-webm: aa71ff27fc2769a1b78a27578f13a17b -> 
  custom:container-demuxer-webm: 4f35f7cbe854078d1ac9338744f61a02 -> 
  custom:container-demuxer-ogg: 62fdf1f143b41e24485cea50d1cbac27 -> 
  custom:video-encoder-webm-vp8: eb34c28f22e8b96e1ab97ce403110664 -> 
  custom:video-decoder-webm-vp8: 9c59270c3fd7afecdb556c50c9e8de78 -> 
  custom:audio-decoder-ogg-vorbis: bf7c407c2cedff20999df2af8eb42d56 -> 
  custom:audio-encoder-webm-vorbis: bf7c407c2cedff20999df2af8eb42d56 -> 
========================================================================
Received Import Request.
  path: Assets/_scripts
  artifactKey: Guid(241832b0e3495604b937e63a21975ffb) Importer(815301076,1909f56bfc062723c751e8b465ee728b)
Start importing Assets/_scripts using Guid(241832b0e3495604b937e63a21975ffb) Importer(815301076,1909f56bfc062723c751e8b465ee728b)  -> (artifact id: 'fb97c9ca00f0d5f9297afed8a6a8c6d9') in 0.005793 seconds 
========================================================================
Received Import Request.
  Time since last request: 0.000206 seconds.
  path: Assets/_scripts/GameManager.cs
  artifactKey: Guid(51dd3ccd45a3ec64cb3146e877c50569) Importer(815301076,1909f56bfc062723c751e8b465ee728b)
Start importing Assets/_scripts/GameManager.cs using Guid(51dd3ccd45a3ec64cb3146e877c50569) Importer(815301076,1909f56bfc062723c751e8b465ee728b)  -> (artifact id: '0445296388f7f81f3392050ecc8ed761') in 0.031670 seconds 
========================================================================
Received Import Request.
  Time since last request: 410.013053 seconds.
  path: Assets/_scripts/GameManager.cs
  artifactKey: Guid(51dd3ccd45a3ec64cb3146e877c50569) Importer(815301076,1909f56bfc062723c751e8b465ee728b)
Start importing Assets/_scripts/GameManager.cs using Guid(51dd3ccd45a3ec64cb3146e877c50569) Importer(815301076,1909f56bfc062723c751e8b465ee728b)  -> (artifact id: 'a14e0043df8f621c92936cdb28bc89e3') in 0.001882 seconds 
========================================================================
Received Prepare
Registering precompiled user dll's ...
Registered in 0.006163 seconds.
Begin MonoManager ReloadAssembly
Symbol file LoadedFromMemory doesn't match image D:\Carpeta unity 3d\Curso-unity-2021-2D-bueno\Porkemon\Library\PackageCache\com.unity.visualscripting@1.6.1\Editor\VisualScripting.Core\Dependencies\YamlDotNet\Unity.VisualScripting.YamlDotNet.dll
Symbol file LoadedFromMemory doesn't match image D:\Carpeta unity 3d\Curso-unity-2021-2D-bueno\Porkemon\Library\PackageCache\com.unity.visualscripting@1.6.1\Editor\VisualScripting.Core\Dependencies\DotNetZip\Unity.VisualScripting.IonicZip.dll
Native extension for WindowsStandalone target not found
Refreshing native plugins compatible for Editor in 0.94 ms, found 4 plugins.
Preloading 0 native plugins for Editor in 0.00 ms.
Mono: successfully reloaded assembly
- Completed reload, in  1.042 seconds
Domain Reload Profiling:
	ReloadAssembly (1042ms)
		BeginReloadAssembly (169ms)
			ExecutionOrderSort (0ms)
			DisableScriptedObjects (6ms)
			BackupInstance (0ms)
			ReleaseScriptingObjects (0ms)
			CreateAndSetChildDomain (38ms)
		EndReloadAssembly (822ms)
			LoadAssemblies (134ms)
			RebuildTransferFunctionScriptingTraits (0ms)
			SetupTypeCache (330ms)
			ReleaseScriptCaches (1ms)
			RebuildScriptCaches (41ms)
			SetupLoadedEditorAssemblies (262ms)
				LogAssemblyErrors (0ms)
				InitializePlatformSupportModulesInManaged (4ms)
				SetLoadedEditorAssemblies (0ms)
				RefreshPlugins (1ms)
				BeforeProcessingInitializeOnLoad (53ms)
				ProcessInitializeOnLoadAttributes (193ms)
				ProcessInitializeOnLoadMethodAttributes (8ms)
				AfterProcessingInitializeOnLoad (2ms)
				EditorAssembliesLoaded (0ms)
			ExecutionOrderSort2 (0ms)
			AwakeInstancesAfterBackupRestoration (10ms)
Platform modules already initialized, skipping
Refreshing native plugins compatible for Editor in 0.90 ms, found 4 plugins.
Preloading 0 native plugins for Editor in 0.00 ms.
Unloading 3687 Unused Serialized files (Serialized files now loaded: 0)
System memory in use before: 137.4 MB.
System memory in use after: 137.5 MB.

Unloading 27 unused Assets to reduce memory usage. Loaded Objects now: 4143.
Total: 2.400100 ms (FindLiveObjects: 0.235800 ms CreateObjectMapping: 0.121400 ms MarkObjects: 1.958200 ms  DeleteObjects: 0.084000 ms)

AssetImportParameters requested are different than current active one (requested -> active):
  custom:framework-win-MediaFoundation: 216162199b28c13a410421893ffa2e32 -> 
  custom:video-decoder-ogg-theora: a1e56fd34408186e4bbccfd4996cb3dc -> 
  custom:container-muxer-webm: aa71ff27fc2769a1b78a27578f13a17b -> 
  custom:container-demuxer-webm: 4f35f7cbe854078d1ac9338744f61a02 -> 
  custom:container-demuxer-ogg: 62fdf1f143b41e24485cea50d1cbac27 -> 
  custom:video-encoder-webm-vp8: eb34c28f22e8b96e1ab97ce403110664 -> 
  custom:video-decoder-webm-vp8: 9c59270c3fd7afecdb556c50c9e8de78 -> 
  custom:audio-decoder-ogg-vorbis: bf7c407c2cedff20999df2af8eb42d56 -> 
  custom:audio-encoder-webm-vorbis: bf7c407c2cedff20999df2af8eb42d56 -> 
========================================================================
Received Prepare
Registering precompiled user dll's ...
Registered in 0.006202 seconds.
Begin MonoManager ReloadAssembly
Symbol file LoadedFromMemory doesn't match image D:\Carpeta unity 3d\Curso-unity-2021-2D-bueno\Porkemon\Library\PackageCache\com.unity.visualscripting@1.6.1\Editor\VisualScripting.Core\Dependencies\YamlDotNet\Unity.VisualScripting.YamlDotNet.dll
Symbol file LoadedFromMemory doesn't match image D:\Carpeta unity 3d\Curso-unity-2021-2D-bueno\Porkemon\Library\PackageCache\com.unity.visualscripting@1.6.1\Editor\VisualScripting.Core\Dependencies\DotNetZip\Unity.VisualScripting.IonicZip.dll
Native extension for WindowsStandalone target not found
Refreshing native plugins compatible for Editor in 0.92 ms, found 4 plugins.
Preloading 0 native plugins for Editor in 0.00 ms.
Mono: successfully reloaded assembly
- Completed reload, in  0.957 seconds
Domain Reload Profiling:
	ReloadAssembly (958ms)
		BeginReloadAssembly (104ms)
			ExecutionOrderSort (0ms)
			DisableScriptedObjects (6ms)
			BackupInstance (0ms)
			ReleaseScriptingObjects (0ms)
			CreateAndSetChildDomain (35ms)
		EndReloadAssembly (806ms)
			LoadAssemblies (91ms)
			RebuildTransferFunctionScriptingTraits (0ms)
			SetupTypeCache (315ms)
			ReleaseScriptCaches (1ms)
			RebuildScriptCaches (40ms)
			SetupLoadedEditorAssemblies (257ms)
				LogAssemblyErrors (0ms)
				InitializePlatformSupportModulesInManaged (4ms)
				SetLoadedEditorAssemblies (0ms)
				RefreshPlugins (1ms)
				BeforeProcessingInitializeOnLoad (52ms)
				ProcessInitializeOnLoadAttributes (187ms)
				ProcessInitializeOnLoadMethodAttributes (9ms)
				AfterProcessingInitializeOnLoad (3ms)
				EditorAssembliesLoaded (0ms)
			ExecutionOrderSort2 (0ms)
			AwakeInstancesAfterBackupRestoration (17ms)
Platform modules already initialized, skipping
Refreshing native plugins compatible for Editor in 0.96 ms, found 4 plugins.
Preloading 0 native plugins for Editor in 0.00 ms.
Unloading 3687 Unused Serialized files (Serialized files now loaded: 0)
System memory in use before: 137.5 MB.
System memory in use after: 137.6 MB.

Unloading 27 unused Assets to reduce memory usage. Loaded Objects now: 4146.
Total: 6.006100 ms (FindLiveObjects: 0.547000 ms CreateObjectMapping: 0.296800 ms MarkObjects: 5.011000 ms  DeleteObjects: 0.150000 ms)

AssetImportParameters requested are different than current active one (requested -> active):
  custom:framework-win-MediaFoundation: 216162199b28c13a410421893ffa2e32 -> 
  custom:video-decoder-ogg-theora: a1e56fd34408186e4bbccfd4996cb3dc -> 
  custom:container-muxer-webm: aa71ff27fc2769a1b78a27578f13a17b -> 
  custom:container-demuxer-webm: 4f35f7cbe854078d1ac9338744f61a02 -> 
  custom:container-demuxer-ogg: 62fdf1f143b41e24485cea50d1cbac27 -> 
  custom:video-encoder-webm-vp8: eb34c28f22e8b96e1ab97ce403110664 -> 
  custom:video-decoder-webm-vp8: 9c59270c3fd7afecdb556c50c9e8de78 -> 
  custom:audio-decoder-ogg-vorbis: bf7c407c2cedff20999df2af8eb42d56 -> 
  custom:audio-encoder-webm-vorbis: bf7c407c2cedff20999df2af8eb42d56 -> 
========================================================================
Received Prepare
Registering precompiled user dll's ...
Registered in 0.006280 seconds.
Begin MonoManager ReloadAssembly
Symbol file LoadedFromMemory doesn't match image D:\Carpeta unity 3d\Curso-unity-2021-2D-bueno\Porkemon\Library\PackageCache\com.unity.visualscripting@1.6.1\Editor\VisualScripting.Core\Dependencies\YamlDotNet\Unity.VisualScripting.YamlDotNet.dll
Symbol file LoadedFromMemory doesn't match image D:\Carpeta unity 3d\Curso-unity-2021-2D-bueno\Porkemon\Library\PackageCache\com.unity.visualscripting@1.6.1\Editor\VisualScripting.Core\Dependencies\DotNetZip\Unity.VisualScripting.IonicZip.dll
Native extension for WindowsStandalone target not found
Refreshing native plugins compatible for Editor in 0.95 ms, found 4 plugins.
Preloading 0 native plugins for Editor in 0.00 ms.
Mono: successfully reloaded assembly
- Completed reload, in  0.963 seconds
Domain Reload Profiling:
	ReloadAssembly (964ms)
		BeginReloadAssembly (104ms)
			ExecutionOrderSort (0ms)
			DisableScriptedObjects (6ms)
			BackupInstance (0ms)
			ReleaseScriptingObjects (0ms)
			CreateAndSetChildDomain (34ms)
		EndReloadAssembly (812ms)
			LoadAssemblies (88ms)
			RebuildTransferFunctionScriptingTraits (0ms)
			SetupTypeCache (321ms)
			ReleaseScriptCaches (1ms)
			RebuildScriptCaches (40ms)
			SetupLoadedEditorAssemblies (272ms)
				LogAssemblyErrors (0ms)
				InitializePlatformSupportModulesInManaged (4ms)
				SetLoadedEditorAssemblies (0ms)
				RefreshPlugins (1ms)
				BeforeProcessingInitializeOnLoad (55ms)
				ProcessInitializeOnLoadAttributes (200ms)
				ProcessInitializeOnLoadMethodAttributes (8ms)
				AfterProcessingInitializeOnLoad (2ms)
				EditorAssembliesLoaded (0ms)
			ExecutionOrderSort2 (0ms)
			AwakeInstancesAfterBackupRestoration (10ms)
Platform modules already initialized, skipping
Refreshing native plugins compatible for Editor in 0.99 ms, found 4 plugins.
Preloading 0 native plugins for Editor in 0.00 ms.
Unloading 3687 Unused Serialized files (Serialized files now loaded: 0)
System memory in use before: 137.5 MB.
System memory in use after: 137.6 MB.

Unloading 27 unused Assets to reduce memory usage. Loaded Objects now: 4149.
Total: 2.621500 ms (FindLiveObjects: 0.338700 ms CreateObjectMapping: 0.198800 ms MarkObjects: 1.997700 ms  DeleteObjects: 0.085500 ms)

AssetImportParameters requested are different than current active one (requested -> active):
  custom:framework-win-MediaFoundation: 216162199b28c13a410421893ffa2e32 -> 
  custom:video-decoder-ogg-theora: a1e56fd34408186e4bbccfd4996cb3dc -> 
  custom:container-muxer-webm: aa71ff27fc2769a1b78a27578f13a17b -> 
  custom:container-demuxer-webm: 4f35f7cbe854078d1ac9338744f61a02 -> 
  custom:container-demuxer-ogg: 62fdf1f143b41e24485cea50d1cbac27 -> 
  custom:video-encoder-webm-vp8: eb34c28f22e8b96e1ab97ce403110664 -> 
  custom:video-decoder-webm-vp8: 9c59270c3fd7afecdb556c50c9e8de78 -> 
  custom:audio-decoder-ogg-vorbis: bf7c407c2cedff20999df2af8eb42d56 -> 
  custom:audio-encoder-webm-vorbis: bf7c407c2cedff20999df2af8eb42d56 -> 
========================================================================
Received Prepare
Registering precompiled user dll's ...
Registered in 0.006576 seconds.
Begin MonoManager ReloadAssembly
Symbol file LoadedFromMemory doesn't match image D:\Carpeta unity 3d\Curso-unity-2021-2D-bueno\Porkemon\Library\PackageCache\com.unity.visualscripting@1.6.1\Editor\VisualScripting.Core\Dependencies\YamlDotNet\Unity.VisualScripting.YamlDotNet.dll
Symbol file LoadedFromMemory doesn't match image D:\Carpeta unity 3d\Curso-unity-2021-2D-bueno\Porkemon\Library\PackageCache\com.unity.visualscripting@1.6.1\Editor\VisualScripting.Core\Dependencies\DotNetZip\Unity.VisualScripting.IonicZip.dll
Native extension for WindowsStandalone target not found
Refreshing native plugins compatible for Editor in 1.37 ms, found 4 plugins.
Preloading 0 native plugins for Editor in 0.00 ms.
Mono: successfully reloaded assembly
- Completed reload, in  1.083 seconds
Domain Reload Profiling:
	ReloadAssembly (1083ms)
		BeginReloadAssembly (125ms)
			ExecutionOrderSort (0ms)
			DisableScriptedObjects (6ms)
			BackupInstance (0ms)
			ReleaseScriptingObjects (0ms)
			CreateAndSetChildDomain (39ms)
		EndReloadAssembly (902ms)
			LoadAssemblies (105ms)
			RebuildTransferFunctionScriptingTraits (0ms)
			SetupTypeCache (370ms)
			ReleaseScriptCaches (1ms)
			RebuildScriptCaches (44ms)
			SetupLoadedEditorAssemblies (293ms)
				LogAssemblyErrors (0ms)
				InitializePlatformSupportModulesInManaged (4ms)
				SetLoadedEditorAssemblies (0ms)
				RefreshPlugins (1ms)
				BeforeProcessingInitializeOnLoad (65ms)
				ProcessInitializeOnLoadAttributes (212ms)
				ProcessInitializeOnLoadMethodAttributes (8ms)
				AfterProcessingInitializeOnLoad (2ms)
				EditorAssembliesLoaded (0ms)
			ExecutionOrderSort2 (0ms)
			AwakeInstancesAfterBackupRestoration (9ms)
Platform modules already initialized, skipping
Refreshing native plugins compatible for Editor in 0.94 ms, found 4 plugins.
Preloading 0 native plugins for Editor in 0.00 ms.
Unloading 3687 Unused Serialized files (Serialized files now loaded: 0)
System memory in use before: 137.5 MB.
System memory in use after: 137.6 MB.

Unloading 27 unused Assets to reduce memory usage. Loaded Objects now: 4152.
Total: 2.681200 ms (FindLiveObjects: 0.292700 ms CreateObjectMapping: 0.155400 ms MarkObjects: 2.146100 ms  DeleteObjects: 0.086100 ms)

AssetImportParameters requested are different than current active one (requested -> active):
  custom:framework-win-MediaFoundation: 216162199b28c13a410421893ffa2e32 -> 
  custom:video-decoder-ogg-theora: a1e56fd34408186e4bbccfd4996cb3dc -> 
  custom:container-muxer-webm: aa71ff27fc2769a1b78a27578f13a17b -> 
  custom:container-demuxer-webm: 4f35f7cbe854078d1ac9338744f61a02 -> 
  custom:container-demuxer-ogg: 62fdf1f143b41e24485cea50d1cbac27 -> 
  custom:video-encoder-webm-vp8: eb34c28f22e8b96e1ab97ce403110664 -> 
  custom:video-decoder-webm-vp8: 9c59270c3fd7afecdb556c50c9e8de78 -> 
  custom:audio-decoder-ogg-vorbis: bf7c407c2cedff20999df2af8eb42d56 -> 
  custom:audio-encoder-webm-vorbis: bf7c407c2cedff20999df2af8eb42d56 -> 
========================================================================
Received Import Request.
  Time since last request: 5709.582987 seconds.
  path: Assets/Move list
  artifactKey: Guid(2c283a963c8c3cc4d98f7772965bfca0) Importer(815301076,1909f56bfc062723c751e8b465ee728b)
Start importing Assets/Move list using Guid(2c283a963c8c3cc4d98f7772965bfca0) Importer(815301076,1909f56bfc062723c751e8b465ee728b)  -> (artifact id: '83ea3004a3be5dc29bb415e153d6a8e2') in 0.005531 seconds 
========================================================================
Received Import Request.
  Time since last request: 0.162882 seconds.
  path: Assets/Move list/Bubble.asset
  artifactKey: Guid(a157f0e18f486204ca256efe072ea287) Importer(815301076,1909f56bfc062723c751e8b465ee728b)
Start importing Assets/Move list/Bubble.asset using Guid(a157f0e18f486204ca256efe072ea287) Importer(815301076,1909f56bfc062723c751e8b465ee728b)  -> (artifact id: 'e2169b0712fdde7faf35abd9a618c297') in 0.013395 seconds 
========================================================================
Received Import Request.
  Time since last request: 0.002546 seconds.
  path: Assets/Move list/Ember.asset
  artifactKey: Guid(5b558666595d66b44ae7f00029eec6eb) Importer(815301076,1909f56bfc062723c751e8b465ee728b)
Start importing Assets/Move list/Ember.asset using Guid(5b558666595d66b44ae7f00029eec6eb) Importer(815301076,1909f56bfc062723c751e8b465ee728b)  -> (artifact id: 'f864cc5287dc2d8cc988fb0c9b1ae5b5') in 0.001945 seconds 
========================================================================
Received Import Request.
  Time since last request: 0.000298 seconds.
  path: Assets/Move list/Solar beam.asset
  artifactKey: Guid(f0403a07b6a2ed14e8484484c716e4b7) Importer(815301076,1909f56bfc062723c751e8b465ee728b)
Start importing Assets/Move list/Solar beam.asset using Guid(f0403a07b6a2ed14e8484484c716e4b7) Importer(815301076,1909f56bfc062723c751e8b465ee728b)  -> (artifact id: '5b65aa48c199b1765dcb93c7c3199882') in 0.002070 seconds 
========================================================================
Received Import Request.
  Time since last request: 0.000235 seconds.
  path: Assets/Move list/Tackle.asset
  artifactKey: Guid(e7cf3103089c90942bb16570acdd4e4a) Importer(815301076,1909f56bfc062723c751e8b465ee728b)
Start importing Assets/Move list/Tackle.asset using Guid(e7cf3103089c90942bb16570acdd4e4a) Importer(815301076,1909f56bfc062723c751e8b465ee728b)  -> (artifact id: '193f41bc9442abef9c671361d4aca9f7') in 0.002386 seconds 
========================================================================
Received Import Request.
  Time since last request: 0.000224 seconds.
  path: Assets/Move list/Growl.asset
  artifactKey: Guid(fd08f073de63e7b4aa007fa300e9f77c) Importer(815301076,1909f56bfc062723c751e8b465ee728b)
Start importing Assets/Move list/Growl.asset using Guid(fd08f073de63e7b4aa007fa300e9f77c) Importer(815301076,1909f56bfc062723c751e8b465ee728b)  -> (artifact id: '47b9e9ffb2df0ca9b4f7fa5f210e40f5') in 0.002251 seconds 
========================================================================
Received Import Request.
  Time since last request: 0.000234 seconds.
  path: Assets/Move list/Razor leaf.asset
  artifactKey: Guid(a119bcf98d89902478791cc15b393b26) Importer(815301076,1909f56bfc062723c751e8b465ee728b)
Start importing Assets/Move list/Razor leaf.asset using Guid(a119bcf98d89902478791cc15b393b26) Importer(815301076,1909f56bfc062723c751e8b465ee728b)  -> (artifact id: 'c5e9938dfbba6fd47b54f9e074a6feb5') in 0.002071 seconds 
========================================================================
Received Import Request.
  Time since last request: 0.000189 seconds.
  path: Assets/Move list/Scratch.asset
  artifactKey: Guid(11e49717f50effe499b16baf74700a24) Importer(815301076,1909f56bfc062723c751e8b465ee728b)
Start importing Assets/Move list/Scratch.asset using Guid(11e49717f50effe499b16baf74700a24) Importer(815301076,1909f56bfc062723c751e8b465ee728b)  -> (artifact id: 'de191e3cdf55526e8c5badc4b7a63883') in 0.002253 seconds 
========================================================================
Received Import Request.
  Time since last request: 0.000204 seconds.
  path: Assets/Move list/Vine whip.asset
  artifactKey: Guid(c8ffdedd3e1f14d41b3688d6ee42fbf2) Importer(815301076,1909f56bfc062723c751e8b465ee728b)
Start importing Assets/Move list/Vine whip.asset using Guid(c8ffdedd3e1f14d41b3688d6ee42fbf2) Importer(815301076,1909f56bfc062723c751e8b465ee728b)  -> (artifact id: 'f41d89b7b22780f2739a384c381b00fa') in 0.002149 seconds 
========================================================================
Received Import Request.
  Time since last request: 11.131526 seconds.
  path: Assets/_scripts/Porkedex
  artifactKey: Guid(1ff45ce57be7fff4cb596892f88133da) Importer(815301076,1909f56bfc062723c751e8b465ee728b)
Start importing Assets/_scripts/Porkedex using Guid(1ff45ce57be7fff4cb596892f88133da) Importer(815301076,1909f56bfc062723c751e8b465ee728b)  -> (artifact id: '02d7cfa9052d5c0639591771055006ee') in 0.002318 seconds 
========================================================================
Received Import Request.
  Time since last request: 0.688005 seconds.
  path: Assets/_scripts/Porkedex/Porkemons
  artifactKey: Guid(5ea2b44948f89294e93e4ad704fcceeb) Importer(815301076,1909f56bfc062723c751e8b465ee728b)
Start importing Assets/_scripts/Porkedex/Porkemons using Guid(5ea2b44948f89294e93e4ad704fcceeb) Importer(815301076,1909f56bfc062723c751e8b465ee728b)  -> (artifact id: '76483916283b2ee6102c4be3c13e8663') in 0.002107 seconds 
========================================================================
Received Import Request.
  Time since last request: 0.095926 seconds.
  path: Assets/_scripts/Porkedex/Porkemons/001_Bulbasaur.asset
  artifactKey: Guid(1f973ec90600b5143982e3b017017130) Importer(815301076,1909f56bfc062723c751e8b465ee728b)
Start importing Assets/_scripts/Porkedex/Porkemons/001_Bulbasaur.asset using Guid(1f973ec90600b5143982e3b017017130) Importer(815301076,1909f56bfc062723c751e8b465ee728b)  -> (artifact id: '19226af33400ee705433299a527f16b5') in 0.004046 seconds 
========================================================================
Received Import Request.
  Time since last request: 0.000257 seconds.
  path: Assets/_scripts/Porkedex/Porkemons/025_Pikachu.asset
  artifactKey: Guid(7c4ce914b0695de49b0ed759e54e915b) Importer(815301076,1909f56bfc062723c751e8b465ee728b)
Start importing Assets/_scripts/Porkedex/Porkemons/025_Pikachu.asset using Guid(7c4ce914b0695de49b0ed759e54e915b) Importer(815301076,1909f56bfc062723c751e8b465ee728b)  -> (artifact id: '6ace2b4ee64c901e5c3baaf288cd86ff') in 0.002287 seconds 
========================================================================
Received Import Request.
  Time since last request: 0.000240 seconds.
  path: Assets/_scripts/Porkedex/Porkemons/149_Dragonite.asset
  artifactKey: Guid(740ac4d556d536f47ad9ebf144b6aa4b) Importer(815301076,1909f56bfc062723c751e8b465ee728b)
Start importing Assets/_scripts/Porkedex/Porkemons/149_Dragonite.asset using Guid(740ac4d556d536f47ad9ebf144b6aa4b) Importer(815301076,1909f56bfc062723c751e8b465ee728b)  -> (artifact id: '58d12935b3a14884739418e57e3a4604') in 0.002511 seconds 
========================================================================
Received Import Request.
  Time since last request: 0.000181 seconds.
  path: Assets/_scripts/Porkedex/Porkemons/151_Mew.asset
  artifactKey: Guid(4cfbe2bdc312bf3409f980f08bfcbd30) Importer(815301076,1909f56bfc062723c751e8b465ee728b)
Start importing Assets/_scripts/Porkedex/Porkemons/151_Mew.asset using Guid(4cfbe2bdc312bf3409f980f08bfcbd30) Importer(815301076,1909f56bfc062723c751e8b465ee728b)  -> (artifact id: 'dfdd09266c82c2930174de48698dbe94') in 0.002921 seconds 
========================================================================
Received Import Request.
  Time since last request: 0.000269 seconds.
  path: Assets/_scripts/Porkedex/Porkemons/008_Wartortle.asset
  artifactKey: Guid(a180c7b965afcd64881bc67647b9badb) Importer(815301076,1909f56bfc062723c751e8b465ee728b)
Start importing Assets/_scripts/Porkedex/Porkemons/008_Wartortle.asset using Guid(a180c7b965afcd64881bc67647b9badb) Importer(815301076,1909f56bfc062723c751e8b465ee728b)  -> (artifact id: 'fe19a6269f841107a956ddaba75f90ed') in 0.002535 seconds 
========================================================================
Received Import Request.
  Time since last request: 0.000226 seconds.
  path: Assets/_scripts/Porkedex/Porkemons/004_Charmander.asset
  artifactKey: Guid(8ab6f23722330e5459b036a4f53a1132) Importer(815301076,1909f56bfc062723c751e8b465ee728b)
Start importing Assets/_scripts/Porkedex/Porkemons/004_Charmander.asset using Guid(8ab6f23722330e5459b036a4f53a1132) Importer(815301076,1909f56bfc062723c751e8b465ee728b)  -> (artifact id: '007f66b121af469821be1035774725ca') in 0.002965 seconds 
========================================================================
Received Import Request.
  Time since last request: 0.000242 seconds.
  path: Assets/_scripts/Porkedex/Porkemons/005_Charmeleon.asset
  artifactKey: Guid(4a4401b1478493e44afc6ce2d438c9bd) Importer(815301076,1909f56bfc062723c751e8b465ee728b)
Start importing Assets/_scripts/Porkedex/Porkemons/005_Charmeleon.asset using Guid(4a4401b1478493e44afc6ce2d438c9bd) Importer(815301076,1909f56bfc062723c751e8b465ee728b)  -> (artifact id: '25e57d493123997b34c78b501db1ae13') in 0.002963 seconds 
========================================================================
Received Import Request.
  Time since last request: 0.000238 seconds.
  path: Assets/_scripts/Porkedex/Porkemons/646_Kyurem.asset
  artifactKey: Guid(89f826f2df0bd894b8745ecc4428675c) Importer(815301076,1909f56bfc062723c751e8b465ee728b)
Start importing Assets/_scripts/Porkedex/Porkemons/646_Kyurem.asset using Guid(89f826f2df0bd894b8745ecc4428675c) Importer(815301076,1909f56bfc062723c751e8b465ee728b)  -> (artifact id: '6f4bfcfa100dd679bc81a63a8eff77a7') in 0.002454 seconds 
========================================================================
Received Import Request.
  Time since last request: 0.000187 seconds.
  path: Assets/_scripts/Porkedex/Porkemons/006_Charizard.asset
  artifactKey: Guid(2a33dcccab15b7d478477b938105b5c6) Importer(815301076,1909f56bfc062723c751e8b465ee728b)
Start importing Assets/_scripts/Porkedex/Porkemons/006_Charizard.asset using Guid(2a33dcccab15b7d478477b938105b5c6) Importer(815301076,1909f56bfc062723c751e8b465ee728b)  -> (artifact id: 'b1238dcd1dbdb4ec680b0d21503157dc') in 0.002478 seconds 
========================================================================
Received Import Request.
  Time since last request: 0.000204 seconds.
  path: Assets/_scripts/Porkedex/Porkemons/002_Ivysaur.asset
  artifactKey: Guid(380516f66990a3b4593a954341722736) Importer(815301076,1909f56bfc062723c751e8b465ee728b)
Start importing Assets/_scripts/Porkedex/Porkemons/002_Ivysaur.asset using Guid(380516f66990a3b4593a954341722736) Importer(815301076,1909f56bfc062723c751e8b465ee728b)  -> (artifact id: '3636e9d75d52e87168f1ce5c981c7dd0') in 0.003130 seconds 
========================================================================
Received Import Request.
  Time since last request: 0.000231 seconds.
  path: Assets/_scripts/Porkedex/Porkemons/150_Mewtwo.asset
  artifactKey: Guid(8c39855338917384585c2ad1515fee31) Importer(815301076,1909f56bfc062723c751e8b465ee728b)
Start importing Assets/_scripts/Porkedex/Porkemons/150_Mewtwo.asset using Guid(8c39855338917384585c2ad1515fee31) Importer(815301076,1909f56bfc062723c751e8b465ee728b)  -> (artifact id: '81589d9a8f7ae054c1ea3de7b87c692e') in 0.002835 seconds 
========================================================================
Received Import Request.
  Time since last request: 0.000234 seconds.
  path: Assets/_scripts/Porkedex/Porkemons/644_Zekrom.asset
  artifactKey: Guid(8ed740b8ed9ecb243967baa8cdd3f910) Importer(815301076,1909f56bfc062723c751e8b465ee728b)
Start importing Assets/_scripts/Porkedex/Porkemons/644_Zekrom.asset using Guid(8ed740b8ed9ecb243967baa8cdd3f910) Importer(815301076,1909f56bfc062723c751e8b465ee728b)  -> (artifact id: 'e3e51cc68f25ed35a7cca2550a8bc034') in 0.002261 seconds 
========================================================================
Received Import Request.
  Time since last request: 0.000228 seconds.
  path: Assets/_scripts/Porkedex/Porkemons/003_Venusaur.asset
  artifactKey: Guid(566bcb8d6c215c145998797edd241d0c) Importer(815301076,1909f56bfc062723c751e8b465ee728b)
Start importing Assets/_scripts/Porkedex/Porkemons/003_Venusaur.asset using Guid(566bcb8d6c215c145998797edd241d0c) Importer(815301076,1909f56bfc062723c751e8b465ee728b)  -> (artifact id: '3885e13c4445a97b0963f651c5853763') in 0.002821 seconds 
========================================================================
Received Import Request.
  Time since last request: 0.000243 seconds.
  path: Assets/_scripts/Porkedex/Porkemons/148_Dragonair.asset
  artifactKey: Guid(e5c73b86ce1f86b4cbf8c596252d6e62) Importer(815301076,1909f56bfc062723c751e8b465ee728b)
Start importing Assets/_scripts/Porkedex/Porkemons/148_Dragonair.asset using Guid(e5c73b86ce1f86b4cbf8c596252d6e62) Importer(815301076,1909f56bfc062723c751e8b465ee728b)  -> (artifact id: '1ff33570fa7c88a8cf388d111849a214') in 0.002858 seconds 
========================================================================
Received Import Request.
  Time since last request: 0.000215 seconds.
  path: Assets/_scripts/Porkedex/Porkemons/147_Dratini.asset
  artifactKey: Guid(81b2860c8f77b3e4ba59810a8dd29b71) Importer(815301076,1909f56bfc062723c751e8b465ee728b)
Start importing Assets/_scripts/Porkedex/Porkemons/147_Dratini.asset using Guid(81b2860c8f77b3e4ba59810a8dd29b71) Importer(815301076,1909f56bfc062723c751e8b465ee728b)  -> (artifact id: '8f1d3c2094666d038118fc5ec600df10') in 0.002912 seconds 
========================================================================
Received Import Request.
  Time since last request: 0.000201 seconds.
  path: Assets/_scripts/Porkedex/Porkemons/009_Blastoise.asset
  artifactKey: Guid(1b0b5717cba47644eaac087a3a6fec0b) Importer(815301076,1909f56bfc062723c751e8b465ee728b)
Start importing Assets/_scripts/Porkedex/Porkemons/009_Blastoise.asset using Guid(1b0b5717cba47644eaac087a3a6fec0b) Importer(815301076,1909f56bfc062723c751e8b465ee728b)  -> (artifact id: 'cd8f8d597e10768d521507794ef7c516') in 0.002471 seconds 
========================================================================
Received Import Request.
  Time since last request: 0.000261 seconds.
  path: Assets/_scripts/Porkedex/Porkemons/007_Squirtle.asset
  artifactKey: Guid(f5f346823380edf4393ca597732afc98) Importer(815301076,1909f56bfc062723c751e8b465ee728b)
Start importing Assets/_scripts/Porkedex/Porkemons/007_Squirtle.asset using Guid(f5f346823380edf4393ca597732afc98) Importer(815301076,1909f56bfc062723c751e8b465ee728b)  -> (artifact id: '05a93f159b2b80374fa02d28c146d056') in 0.004038 seconds 
========================================================================
Received Import Request.
  Time since last request: 0.000203 seconds.
  path: Assets/_scripts/Porkedex/Porkemons/643_Reshiram.asset
  artifactKey: Guid(e2eb44205fac408449975d90276c05f3) Importer(815301076,1909f56bfc062723c751e8b465ee728b)
Start importing Assets/_scripts/Porkedex/Porkemons/643_Reshiram.asset using Guid(e2eb44205fac408449975d90276c05f3) Importer(815301076,1909f56bfc062723c751e8b465ee728b)  -> (artifact id: '7084a3bb98e360f5e4249eb41e22aee2') in 0.002577 seconds 
========================================================================
Received Prepare
Registering precompiled user dll's ...
Registered in 0.007820 seconds.
Begin MonoManager ReloadAssembly
Symbol file LoadedFromMemory doesn't match image D:\Carpeta unity 3d\Curso-unity-2021-2D-bueno\Porkemon\Library\PackageCache\com.unity.visualscripting@1.6.1\Editor\VisualScripting.Core\Dependencies\YamlDotNet\Unity.VisualScripting.YamlDotNet.dll
Symbol file LoadedFromMemory doesn't match image D:\Carpeta unity 3d\Curso-unity-2021-2D-bueno\Porkemon\Library\PackageCache\com.unity.visualscripting@1.6.1\Editor\VisualScripting.Core\Dependencies\DotNetZip\Unity.VisualScripting.IonicZip.dll
Native extension for WindowsStandalone target not found
Refreshing native plugins compatible for Editor in 1.10 ms, found 4 plugins.
Preloading 0 native plugins for Editor in 0.00 ms.
Mono: successfully reloaded assembly
- Completed reload, in  1.095 seconds
Domain Reload Profiling:
	ReloadAssembly (1096ms)
		BeginReloadAssembly (125ms)
			ExecutionOrderSort (0ms)
			DisableScriptedObjects (7ms)
			BackupInstance (0ms)
			ReleaseScriptingObjects (0ms)
			CreateAndSetChildDomain (38ms)
		EndReloadAssembly (909ms)
			LoadAssemblies (104ms)
			RebuildTransferFunctionScriptingTraits (0ms)
			SetupTypeCache (367ms)
			ReleaseScriptCaches (1ms)
			RebuildScriptCaches (48ms)
			SetupLoadedEditorAssemblies (296ms)
				LogAssemblyErrors (0ms)
				InitializePlatformSupportModulesInManaged (5ms)
				SetLoadedEditorAssemblies (0ms)
				RefreshPlugins (1ms)
				BeforeProcessingInitializeOnLoad (59ms)
				ProcessInitializeOnLoadAttributes (219ms)
				ProcessInitializeOnLoadMethodAttributes (10ms)
				AfterProcessingInitializeOnLoad (2ms)
				EditorAssembliesLoaded (0ms)
			ExecutionOrderSort2 (0ms)
			AwakeInstancesAfterBackupRestoration (11ms)
Platform modules already initialized, skipping
Refreshing native plugins compatible for Editor in 1.06 ms, found 4 plugins.
Preloading 0 native plugins for Editor in 0.00 ms.
Unloading 3687 Unused Serialized files (Serialized files now loaded: 0)
System memory in use before: 137.6 MB.
System memory in use after: 137.7 MB.

Unloading 27 unused Assets to reduce memory usage. Loaded Objects now: 4155.
Total: 2.659300 ms (FindLiveObjects: 0.254300 ms CreateObjectMapping: 0.188700 ms MarkObjects: 2.126500 ms  DeleteObjects: 0.089100 ms)

AssetImportParameters requested are different than current active one (requested -> active):
  custom:framework-win-MediaFoundation: 216162199b28c13a410421893ffa2e32 -> 
  custom:video-decoder-ogg-theora: a1e56fd34408186e4bbccfd4996cb3dc -> 
  custom:container-muxer-webm: aa71ff27fc2769a1b78a27578f13a17b -> 
  custom:container-demuxer-webm: 4f35f7cbe854078d1ac9338744f61a02 -> 
  custom:container-demuxer-ogg: 62fdf1f143b41e24485cea50d1cbac27 -> 
  custom:video-encoder-webm-vp8: eb34c28f22e8b96e1ab97ce403110664 -> 
  custom:video-decoder-webm-vp8: 9c59270c3fd7afecdb556c50c9e8de78 -> 
  custom:audio-decoder-ogg-vorbis: bf7c407c2cedff20999df2af8eb42d56 -> 
  custom:audio-encoder-webm-vorbis: bf7c407c2cedff20999df2af8eb42d56 -> 
AssetImportWorkerClient::OnTransportError - code=2 error=End of file
